 ============================>     TALLY 1     <============================

 Cell 1
   Incoming Energy [0, 20000000)
     Total Material
       Flux                                 53.3216 +/- 0.297589
 ============================>     TALLY 2     <============================

 Cell 1
   Incoming Energy [0, 20000000)
     Total Material
       Nu-Fission Rate                      0.0221698 +/- 0.000201429
 ============================>     TALLY 3     <============================

 Cell 1
   Incoming Energy [0, 20000000)
     Total Material
       Flux                                 53.3216 +/- 0.297589
 ============================>     TALLY 4     <============================

 Cell 1
   Incoming Energy [0, 20000000)
     Total Material
       Absorption Rate                      0.174526 +/- 0.00167543
